> mypy -p aplustools
aplustools\package\timid.py:269: error: Unsupported operand types for - ("int" and "timedelta")  [operator]
aplustools\package\timid.py:269: note: Left operand is of type "timedelta | int"
aplustools\io\loggers.py:246: error: Incompatible types in assignment (expression has type "PrintLogger", variable has type "type[Logger] | None")  [assignment]
aplustools\io\loggers.py:251: error: Incompatible types in assignment (expression has type "type[Logger] | None", variable has type "TextIO")  [assignment]
aplustools\data\_direct_functions.py:39: error: Item "int" of "int | str" has no attribute "__iter__" (not iterable)  [union-attr]
aplustools\package\argumint.py:31: error: Incompatible types in assignment (expression has type "object", variable has type "type | None")  [assignment]
aplustools\package\argumint.py:219: error: Incompatible types in assignment (expression has type "ArgStruct | dict[Any, Any] | None", variable has type "str | dict[str, str | dict[Any, Any]]")  [assignment]
aplustools\package\argumint.py:221: error: Invalid index type "str" for "str | dict[str, str | dict[Any, Any]]"; expected type "SupportsIndex | slice"  [index]
aplustools\package\argumint.py:223: error: Invalid index type "str" for "str | dict[str, str | dict[Any, Any]]"; expected type "SupportsIndex | slice"  [index]
aplustools\package\argumint.py:230: error: Argument 1 to "EndPoint" has incompatible type "EndPoint | Callable[..., Any]"; expected "Callable[..., Any]"  [arg-type]
aplustools\package\argumint.py:238: error: Argument 1 to "_check_path" of "ArguMint" has incompatible type "EndPoint | Any"; expected "str"  [arg-type]
aplustools\package\argumint.py:249: error: Incompatible types in assignment (expression has type "EndPoint | Callable[..., Any]", target has type "EndPoint")  [assignment]
aplustools\package\argumint.py:259: error: Incompatible types in assignment (expression has type "EndPoint | Callable[..., Any]", target has type "EndPoint")  [assignment]
aplustools\package\argumint.py:270: error: Unsupported right operand type for in ("ArgStruct | dict[Any, Any]")  [operator]
aplustools\package\argumint.py:270: error: Argument 1 to "len" has incompatible type "ArgStruct | dict[Any, Any]"; expected "Sized"  [arg-type]
aplustools\package\argumint.py:273: error: Value of type "ArgStruct | dict[Any, Any]" is not indexable  [index]
aplustools\package\argumint.py:274: error: Argument 1 to "len" has incompatible type "ArgStruct | dict[Any, Any]"; expected "Sized"  [arg-type]
aplustools\package\argumint.py:328: error: Incompatible types in assignment (expression has type "Argument", variable has type "str")  [assignment]
aplustools\package\argumint.py:329: error: "str" has no attribute "default"  [attr-defined]
aplustools\package\argumint.py:330: error: "str" has no attribute "name"  [attr-defined]
aplustools\package\argumint.py:330: error: "str" has no attribute "default"  [attr-defined]
aplustools\package\argumint.py:402: error: Argument "type" to "add_argument" of "_ActionsContainer" has incompatible type "type | None"; expected "Callable[[str], Any] | FileType"  [arg-type]
aplustools\package\argumint.py:410: error: Cannot call function of unknown type  [operator]
aplustools\package\argumint.py:412: error: Module "sys" is not valid as a type  [valid-type]
aplustools\package\argumint.py:412: note: Perhaps you meant to use a protocol matching the module structure?
aplustools\package\argumint.py:413: error: sys? has no attribute "argv"  [attr-defined]
aplustools\web\utils.py:3: error: Library stubs not installed for "bs4"  [import-untyped]
aplustools\web\utils.py:4: error: Library stubs not installed for "requests"  [import-untyped]
aplustools\io\gui\chat.py:8: error: Skipping analyzing "brotli": module is installed, but missing library stubs or py.typed marker  [import-untyped]
aplustools\io\gui\chat.py:91: error: Item "None" of "QLabel | None" has no attribute "setText"  [union-attr]
aplustools\io\gui\chat.py:195: error: Item "QLabel" of "QLabel | None" has no attribute "setSource"  [union-attr]
aplustools\io\gui\chat.py:195: error: Item "None" of "QLabel | None" has no attribute "setSource"  [union-attr]
aplustools\io\gui\chat.py:197: error: Item "None" of "QLabel | None" has no attribute "setFixedHeight"  [union-attr]
aplustools\io\gui\chat.py:356: error: "Callable[[], QLayout]" has no attribute "addWidget"  [attr-defined]
aplustools\io\environment.py:17: error: Incompatible types in assignment (expression has type "None", variable has type Module)  [assignment]
aplustools\io\environment.py:89: error: Item "None" of "FrameType | None" has no attribute "f_back"  [union-attr]
aplustools\io\environment.py:300: error: Incompatible types in assignment (expression has type "Callable[[Any, Any, Any], Any]", variable has type "Callable[[str, Any], None]")  [assignment]
aplustools\io\environment.py:360: error: Too many arguments  [call-arg]
aplustools\io\environment.py:365: error: Too many arguments  [call-arg]
aplustools\io\environment.py:367: error: Incompatible types in assignment (expression has type "Callable[[Any, str], Any]", variable has type "Callable[[str], Any]")  [assignment]
aplustools\io\environment.py:368: error: Incompatible types in assignment (expression has type "Callable[[Any, str, Any], None]", variable has type "Callable[[str, Any], None]")  [assignment]
aplustools\web\search.py:3: error: Library stubs not installed for "requests"  [import-untyped]
aplustools\web\search.py:5: error: Library stubs not installed for "bs4"  [import-untyped]
aplustools\web\search.py:58: error: Argument 1 to "append" of "list" has incompatible type "str"; expected "dict[str, Any]"  [arg-type]
aplustools\web\search.py:60: error: Incompatible return value type (got "list[dict[str, Any]]", expected "list[str | dict[str, str]]")  [return-value]
aplustools\web\search.py:60: note: "List" is invariant -- see https://mypy.readthedocs.io/en/stable/common_issues.html#variance
aplustools\web\search.py:60: note: Consider using "Sequence" instead, which is covariant
aplustools\web\search.py:60: note: Perhaps you need a type annotation for "search_results"? Suggestion: "list[str | dict[str, str]]"
aplustools\web\search.py:114: error: Need type annotation for "search_results" (hint: "search_results: List[<type>] = ...")  [var-annotated]
aplustools\web\search.py:130: error: Argument 1 to "append" of "list" has incompatible type "str"; expected "dict[str, str]"  [arg-type]
aplustools\web\search.py:132: error: Incompatible return value type (got "list[dict[str, str]]", expected "list[str | dict[str, str]]")  [return-value]
aplustools\web\search.py:132: note: "List" is invariant -- see https://mypy.readthedocs.io/en/stable/common_issues.html#variance
aplustools\web\search.py:132: note: Consider using "Sequence" instead, which is covariant
aplustools\web\search.py:132: note: Perhaps you need a type annotation for "search_results"? Suggestion: "list[str | dict[str, str]]"
aplustools\web\search.py:191: error: Argument 1 to "append" of "list" has incompatible type "str"; expected "dict[str, Any]"  [arg-type]
aplustools\web\search.py:195: error: Incompatible return value type (got "list[dict[str, Any]]", expected "list[str | dict[str, str]]")  [return-value]
aplustools\web\search.py:195: note: "List" is invariant -- see https://mypy.readthedocs.io/en/stable/common_issues.html#variance
aplustools\web\search.py:195: note: Consider using "Sequence" instead, which is covariant
aplustools\web\search.py:195: note: Perhaps you need a type annotation for "search_results"? Suggestion: "list[str | dict[str, str]]"
aplustools\utils\genpass.py:33: error: Unsupported operand types for + ("str" and "None")  [operator]
aplustools\utils\genpass.py:33: note: Right operand is of type "str | None"
aplustools\utils\genpass.py:80: error: Argument 1 to "len" has incompatible type "str | None"; expected "Sized"  [arg-type]
aplustools\utils\genpass.py:140: error: "socket" object is not iterable  [misc]
aplustools\utils\genpass.py:141: error: Incompatible types in assignment (expression has type "None", variable has type "UndefinedSocket")  [assignment]
aplustools\utils\genpass.py:143: error: Incompatible types in assignment (expression has type "socket", variable has type "UndefinedSocket")  [assignment]
aplustools\utils\genpass.py:627: error: "socket" object is not iterable  [misc]
aplustools\utils\genpass.py:628: error: Incompatible types in assignment (expression has type "None", variable has type "UndefinedSocket")  [assignment]
aplustools\utils\genpass.py:630: error: Incompatible types in assignment (expression has type "socket", variable has type "UndefinedSocket")  [assignment]
aplustools\utils\genpass.py:1255: error: "Sequence[str]" has no attribute "translate"  [attr-defined]
aplustools\utils\genpass.py:1265: error: Incompatible types in assignment (expression has type "list[str]", variable has type "str")  [assignment]
aplustools\utils\genpass.py:1266: error: Argument 1 has incompatible type "str"; expected "MutableSequence[Any]"  [arg-type]
aplustools\utils\genpass.py:1361: error: Incompatible types in assignment (expression has type "dict[str, Sequence[object]]", target has type "str")  [assignment]
aplustools\utils\genpass.py:1368: error: Argument 1 to "CBC" has incompatible type "str"; expected "bytes"  [arg-type]
aplustools\utils\genpass.py:1368: error: Invalid index type "str" for "str"; expected type "SupportsIndex | slice"  [index]
aplustools\utils\genpass.py:1371: error: Argument 1 to "update" of "CipherContext" has incompatible type "str"; expected "bytes"  [arg-type]
aplustools\utils\genpass.py:1371: error: Invalid index type "str" for "str"; expected type "SupportsIndex | slice"  [index]
aplustools\utils\genpass.py:1403: error: "Sequence[str]" has no attribute "translate"  [attr-defined]
aplustools\data\updaters.py:6: error: Library stubs not installed for "requests"  [import-untyped]
aplustools\data\updaters.py:154: error: Incompatible types in assignment (expression has type "tuple[bool, None, Any]", variable has type "tuple[bool, Exception, int]")  [assignment]
aplustools\data\compressor.py:2: error: Skipping analyzing "brotli": module is installed, but missing library stubs or py.typed marker  [import-untyped]
aplustools\data\compressor.py:17: error: Need type annotation for "files" (hint: "files: Dict[<type>, <type>] = ...")  [var-annotated]
aplustools\data\compressor.py:18: error: Need type annotation for "block_offsets" (hint: "block_offsets: List[<type>] = ...")  [var-annotated]
aplustools\data\compressor.py:74: error: Need type annotation for "file_info" (hint: "file_info: Dict[<type>, <type>] = ...")  [var-annotated]
aplustools\data\compressor.py:75: error: Need type annotation for "index_to_name" (hint: "index_to_name: List[<type>] = ...")  [var-annotated]
aplustools\data\compressor.py:76: error: Need type annotation for "block_offsets" (hint: "block_offsets: List[<type>] = ...")  [var-annotated]
aplustools\data\compressor.py:136: error: Need type annotation for "file_info" (hint: "file_info: Dict[<type>, <type>] = ...")  [var-annotated]
aplustools\data\compressor.py:137: error: Need type annotation for "index_to_name" (hint: "index_to_name: List[<type>] = ...")  [var-annotated]
aplustools\data\compressor.py:138: error: Need type annotation for "block_offsets" (hint: "block_offsets: List[<type>] = ...")  [var-annotated]
aplustools\web\request.py:7: error: Library stubs not installed for "requests"  [import-untyped]
aplustools\data\imagetools.py:7: error: Library stubs not installed for "requests"  [import-untyped]
aplustools\data\imagetools.py:227: error: Argument 1 to "join" has incompatible type "str | None"; expected "str"  [arg-type]
aplustools\data\imagetools.py:230: error: Argument 1 to "convert_image_format" of "OfflineImage" has incompatible type "str | None"; expected "str"  [arg-type]
aplustools\data\imagetools.py:251: error: Argument 1 to "join" has incompatible type "str | None"; expected "str"  [arg-type]
aplustools\data\imagetools.py:273: error: Argument 1 to "split" of "bytes" has incompatible type "str"; expected "Buffer | None"  [arg-type]
aplustools\data\imagetools.py:403: error: Argument 1 to "join" has incompatible type "str | None"; expected "str"  [arg-type]
aplustools\data\imagetools.py:473: error: Skipping analyzing "wand.image": module is installed, but missing library stubs or py.typed marker  [import-untyped]
aplustools\data\advanced_imagetools.py:13: error: Library stubs not installed for "requests"  [import-untyped]
aplustools\data\advanced_imagetools.py:13: note: Hint: "python3 -m pip install types-requests"
aplustools\data\advanced_imagetools.py:13: note: (or run "mypy --install-types" to install all missing stub packages)
aplustools\data\advanced_imagetools.py:17: error: Skipping analyzing "pillow_heif": module is installed, but missing library stubs or py.typed marker  [import-untyped]
aplustools\data\advanced_imagetools.py:295: error: Argument 1 to "join" has incompatible type "str | None"; expected "str"  [arg-type]
aplustools\data\advanced_imagetools.py:365: error: Skipping analyzing "wand.image": module is installed, but missing library stubs or py.typed marker  [import-untyped]
aplustools\data\advanced_imagetools.py:365: note: See https://mypy.readthedocs.io/en/stable/running_mypy.html#missing-imports
Found 206 errors in 21 files (checked 46 source files)
